TN:
SF:src/app.ts
FN:8,createApp
FNF:1
FNH:1
FNDA:1,createApp
DA:1,1
DA:2,1
DA:3,1
DA:4,1
DA:5,1
DA:6,1
DA:8,1
DA:9,1
DA:11,1
DA:12,1
DA:13,1
DA:14,1
DA:15,1
DA:17,1
LF:14
LH:14
BRF:0
BRH:0
end_of_record
TN:
SF:src/db.ts
FNF:0
FNH:0
DA:1,1
DA:3,1
LF:2
LH:2
BRF:0
BRH:0
end_of_record
TN:
SF:src/errors.ts
FN:4,(anonymous_0)
FN:15,errorBody
FNF:2
FNH:2
FNDA:16,(anonymous_0)
FNDA:20,errorBody
DA:3,1
DA:6,16
DA:7,16
DA:8,16
DA:10,16
DA:11,16
DA:15,1
DA:16,20
LF:8
LH:8
BRDA:20,0,0,18
BRDA:20,0,1,2
BRF:2
BRH:2
end_of_record
TN:
SF:src/logger.ts
FNF:0
FNH:0
DA:1,0
DA:3,0
LF:2
LH:0
BRDA:4,0,0,0
BRDA:4,0,1,0
BRF:2
BRH:0
end_of_record
TN:
SF:src/auth/auth.controller.ts
FN:20,signupHandler
FN:31,loginHandler
FN:42,logoutHandler
FN:52,refreshTokenHandler
FN:58,meHandler
FN:64,listRolesHandler
FN:68,assignRoleHandler
FN:80,removeRoleHandler
FNF:8
FNH:8
FNDA:2,signupHandler
FNDA:2,loginHandler
FNDA:1,logoutHandler
FNDA:3,refreshTokenHandler
FNDA:1,meHandler
FNDA:1,listRolesHandler
FNDA:2,assignRoleHandler
FNDA:5,removeRoleHandler
DA:2,1
DA:3,1
DA:11,1
DA:12,1
DA:20,1
DA:21,2
DA:22,2
DA:23,2
DA:25,1
DA:26,1
DA:31,1
DA:32,2
DA:33,2
DA:34,2
DA:36,1
DA:37,1
DA:42,1
DA:43,1
DA:44,1
DA:45,1
DA:47,1
DA:48,1
DA:49,1
DA:52,1
DA:53,3
DA:54,3
DA:55,1
DA:58,1
DA:59,1
DA:64,1
DA:65,1
DA:68,1
DA:69,2
DA:70,2
DA:72,2
DA:73,1
DA:77,1
DA:80,1
DA:81,5
DA:82,5
DA:83,1
DA:87,1
LF:42
LH:42
BRDA:21,0,0,2
BRDA:21,0,1,0
BRDA:32,1,0,2
BRDA:32,1,1,0
BRF:4
BRH:2
end_of_record
TN:
SF:src/auth/auth.router.ts
FN:40,(anonymous_1)
FNF:1
FNH:1
FNDA:2,(anonymous_1)
DA:1,1
DA:2,1
DA:4,1
DA:5,1
DA:6,1
DA:7,1
DA:8,1
DA:9,1
DA:15,1
DA:26,1
DA:34,1
DA:41,2
DA:42,2
DA:47,1
DA:49,1
DA:50,1
DA:51,1
DA:52,1
DA:53,1
DA:55,1
DA:56,1
DA:62,1
DA:68,1
LF:23
LH:23
BRDA:41,0,0,2
BRDA:41,0,1,0
BRDA:41,0,2,0
BRF:3
BRH:1
end_of_record
TN:
SF:src/auth/auth.schema.ts
FN:24,(anonymous_0)
FN:44,(anonymous_1)
FNF:2
FNH:2
FNDA:2,(anonymous_0)
FNDA:1,(anonymous_1)
DA:1,1
DA:2,1
DA:4,1
DA:24,2
DA:29,1
DA:39,1
DA:42,1
DA:44,1
DA:48,1
LF:9
LH:9
BRF:0
BRH:0
end_of_record
TN:
SF:src/auth/auth.service.ts
FN:27,hashRefreshToken
FN:31,buildTokens
FN:41,persistRefreshToken
FN:52,signupService
FN:80,loginService
FN:110,assignRoleService
FN:140,refreshAccessTokenService
FN:173,logoutService
FN:189,removeRoleService
FNF:9
FNH:9
FNDA:4,hashRefreshToken
FNDA:2,buildTokens
FNDA:2,persistRefreshToken
FNDA:2,signupService
FNDA:2,loginService
FNDA:2,assignRoleService
FNDA:3,refreshAccessTokenService
FNDA:1,logoutService
FNDA:5,removeRoleService
DA:1,1
DA:2,1
DA:3,1
DA:4,1
DA:5,1
DA:6,1
DA:7,1
DA:9,1
DA:11,1
DA:13,1
DA:14,1
DA:18,1
DA:28,4
DA:32,2
DA:37,2
DA:38,2
DA:42,2
DA:43,2
DA:44,2
DA:52,1
DA:56,2
DA:59,2
DA:60,2
DA:64,1
DA:66,1
DA:67,1
DA:69,0
DA:72,1
DA:73,1
DA:75,1
DA:80,1
DA:84,2
DA:89,2
DA:92,2
DA:94,2
DA:95,1
DA:98,1
DA:99,1
DA:101,1
DA:110,1
DA:117,2
DA:118,2
DA:124,1
DA:125,1
DA:127,0
DA:130,1
DA:131,0
DA:134,1
DA:135,1
DA:140,1
DA:142,3
DA:143,3
DA:145,1
DA:148,2
DA:149,2
DA:159,2
DA:160,2
DA:161,1
DA:164,1
DA:173,1
DA:177,1
DA:181,1
DA:186,1
DA:189,1
DA:190,5
DA:191,0
DA:201,5
DA:202,5
DA:207,1
DA:208,1
DA:210,0
DA:213,4
DA:214,1
DA:217,3
DA:219,3
DA:220,1
DA:223,2
DA:224,2
DA:225,1
DA:228,1
LF:80
LH:75
BRDA:11,0,0,1
BRDA:11,0,1,1
BRDA:11,0,2,1
BRDA:13,1,0,1
BRDA:13,1,1,1
BRDA:13,1,2,1
BRDA:66,2,0,1
BRDA:66,2,1,0
BRDA:92,3,0,2
BRDA:92,3,1,1
BRDA:94,4,0,1
BRDA:94,4,1,1
BRDA:94,5,0,2
BRDA:94,5,1,1
BRDA:124,6,0,1
BRDA:124,6,1,0
BRDA:130,7,0,0
BRDA:130,7,1,1
BRDA:160,8,0,1
BRDA:160,8,1,1
BRDA:177,9,0,1
BRDA:177,9,1,0
BRDA:190,10,0,0
BRDA:190,10,1,5
BRDA:207,11,0,1
BRDA:207,11,1,0
BRDA:213,12,0,1
BRDA:213,12,1,3
BRDA:219,13,0,1
BRDA:219,13,1,2
BRDA:224,14,0,1
BRDA:224,14,1,1
BRF:32
BRH:26
end_of_record
TN:
SF:src/middleware/asyncHandler.ts
FN:9,asyncHandler
FN:10,(anonymous_1)
FNF:2
FNH:2
FNDA:9,asyncHandler
FNDA:29,(anonymous_1)
DA:9,1
DA:10,9
DA:11,29
LF:3
LH:3
BRF:0
BRH:0
end_of_record
TN:
SF:src/middleware/authenticateAccessToken.ts
FN:17,hashToken
FN:21,getBearerToken
FN:30,verifyAccessToken
FN:38,assertTokenNotRevoked
FN:52,authenticateAccessToken
FNF:5
FNH:5
FNDA:15,hashToken
FNDA:15,getBearerToken
FNDA:14,verifyAccessToken
FNDA:13,assertTokenNotRevoked
FNDA:5,authenticateAccessToken
DA:1,1
DA:2,1
DA:4,1
DA:5,1
DA:8,1
DA:17,1
DA:18,15
DA:21,1
DA:22,15
DA:23,15
DA:24,1
DA:27,14
DA:30,1
DA:31,14
DA:32,14
DA:34,1
DA:38,1
DA:39,13
DA:47,12
DA:48,1
DA:52,1
DA:57,5
DA:58,5
DA:59,4
DA:60,3
DA:62,1
DA:63,1
DA:65,4
LF:28
LH:28
BRDA:8,0,0,1
BRDA:8,0,1,1
BRDA:8,0,2,1
BRDA:23,1,0,1
BRDA:23,1,1,14
BRDA:47,2,0,1
BRDA:47,2,1,11
BRF:7
BRH:7
end_of_record
TN:
SF:src/middleware/errorHandler.ts
FN:5,(anonymous_0)
FNF:1
FNH:1
FNDA:18,(anonymous_0)
DA:2,1
DA:3,1
DA:5,1
DA:6,18
DA:7,16
DA:8,16
DA:19,16
DA:20,16
DA:23,2
DA:24,1
DA:35,1
DA:36,1
DA:39,1
DA:48,1
LF:14
LH:14
BRDA:6,0,0,16
BRDA:6,0,1,2
BRDA:7,1,0,0
BRDA:7,1,1,16
BRDA:23,2,0,1
BRDA:23,2,1,1
BRF:6
BRH:5
end_of_record
TN:
SF:src/middleware/notFoundHandler.ts
FN:4,(anonymous_0)
FNF:1
FNH:1
FNDA:1,(anonymous_0)
DA:2,1
DA:4,1
DA:5,1
LF:3
LH:3
BRF:0
BRH:0
end_of_record
TN:
SF:src/middleware/requireRole.ts
FN:9,requireRole
FN:10,(anonymous_1)
FNF:2
FNH:2
FNDA:2,requireRole
FNDA:9,(anonymous_1)
DA:2,1
DA:3,1
DA:9,1
DA:10,2
DA:11,9
DA:12,9
DA:13,9
DA:15,9
DA:16,9
DA:17,1
DA:24,8
DA:25,8
LF:12
LH:12
BRDA:16,0,0,1
BRDA:16,0,1,8
BRDA:16,1,0,9
BRDA:16,1,1,9
BRF:4
BRH:4
end_of_record
TN:
SF:src/middleware/validateBody.ts
FN:5,validateBody
FN:6,(anonymous_1)
FNF:2
FNH:2
FNDA:4,validateBody
FNDA:11,(anonymous_1)
DA:3,1
DA:5,1
DA:6,4
DA:7,11
DA:9,11
DA:10,2
DA:18,2
DA:21,9
DA:22,9
LF:9
LH:9
BRDA:9,0,0,2
BRDA:9,0,1,9
BRF:2
BRH:2
end_of_record
TN:
SF:src/security/sanitize.ts
FN:9,sanitizeText
FN:12,(anonymous_1)
FNF:2
FNH:1
FNDA:4,sanitizeText
FNDA:0,(anonymous_1)
DA:1,1
DA:9,1
DA:10,4
DA:12,0
LF:4
LH:3
BRF:0
BRH:0
end_of_record
